*** Using Compiler 'V6.10.1', folder: 'D:\keil5.38\ARM\ARMCLANG\Bin'
Rebuild target 'follow_car'
assembling startup_stm32f10x_hd.s...
compiling usart.c...
compiling misc.c...
compiling stm32f10x_cec.c...
compiling stm32f10x_dbgmcu.c...
compiling stm32f10x_it.c...
compiling system_stm32f10x.c...
compiling delay.c...
compiling stm32f10x_crc.c...
compiling stm32f10x_dac.c...
compiling stm32f10x_adc.c...
compiling stm32f10x_bkp.c...
compiling main.cpp...
compiling stm32f10x_dma.c...
compiling sys.c...
compiling stm32f10x_can.c...
compiling stm32f10x_exti.c...
compiling stm32f10x_fsmc.c...
compiling stm32f10x_flash.c...
compiling stm32f10x_iwdg.c...
compiling stm32f10x_gpio.c...
compiling stm32f10x_i2c.c...
compiling stm32f10x_pwr.c...
compiling stm32f10x_rcc.c...
compiling stm32f10x_rtc.c...
compiling stm32f10x_wwdg.c...
compiling stm32f10x_sdio.c...
compiling drv_Main.cpp...
compiling drv_LCD.cpp...
compiling stm32f10x_usart.c...
compiling drv_LED.cpp...
compiling stm32f10x_spi.c...
compiling drv_Key.cpp...
compiling self_filter.c...
compiling stm32f10x_tim.c...
compiling mpuiic.c...
compiling MPU6050.c...
compiling inv_mpu_dmp_motion_driver.c...
compiling drv_Encoder.cpp...
compiling drv_PWMOut.cpp...
compiling inv_mpu.c...
compiling adc.c...
compiling drv_beep.cpp...
../Drivers/drv_Uart3.hpp(1): warning: #pragma once in main file [-Wpragma-once-outside-header]
#pragma once
        ^
1 warning generated.
compiling drv_Uart3.hpp...
compiling drv_Uart1.cpp...
compiling GUI_Images.cpp...
compiling drv_hcsr04.cpp...
compiling drv_Uart3.cpp...
compiling Font.cpp...
compiling Basic.cpp...
compiling control.cpp...
compiling GUI.cpp...
compiling Commulink.cpp...
linking...
Program Size: Code=44970 RO-data=17686 RW-data=56 ZI-data=2400  
FromELF: creating hex file...
"..\OBJ\WhuFlyCar.axf" - 0 Error(s), 1 Warning(s).
Build Time Elapsed:  00:00:07
